<?xml version="1.0" encoding="UTF-8"?>
<!-- Generated by org.testng.reporters.JUnitReportReporter -->
<testsuite skipped="0" hostname="IN5CG4525QQJ" name="restassuredAPI.TC_RestAPI_GetRequest" tests="2" failures="0" timestamp="2020-01-03T18:11:38 IST" time="6.063" errors="0">
  <testcase name="getWeatherDetails" time="4.336" classname="restassuredAPI.TC_RestAPI_GetRequest"/>
  <system-out/>
  <testcase name="checkcustomerdetails" time="1.727" classname="restassuredAPI.TC_RestAPI_GetRequest"/>
  <system-out/>
</testsuite> <!-- restassuredAPI.TC_RestAPI_GetRequest -->
